     1 7828354 
     1 15649126 
     5 22866838 
    10 36829237 
    10 38252917 
    10 63877268 
    30 67313544 
    30 73013848 
    10 82325166 
    10 53081038 
     5 116345498 
    30 123789772 
    60 135532470 
    20 154250178 
    20 99815346 
    20 152412930 
    15 132493095 
    60 149541669 
    60 175271400 
    60 114835520 
    15 170759495 
    30 208534595 
    60 138661405 
    30 96947907 
     5 259819805 
    20 175760093 
    30 125220228 
    20 94695081 
     5 76281468 
     5 39065041 
     1 218251406 
    10 233667942 
    30 257352234 
    10 294599856 
    10 191158697 
    20 291021581 
    15 251472117 
    60 285447031 
    60 336398499 
    60 220973514 
    15 327605413 
    30 402182227 
    60 268075191 
    30 187856672 
     5 503387399 
    20 341300179 
    30 243668798 
    20 184600530 
     5 148916341 
     5 76281468 
     5 337291332 
    30 278256486 
    60 324977310 
    30 393516690 
    30 261567582 
    60 318109748 
    60 386760620 
    60 257219331 
    60 375728273 
    60 475037693 
   120 320462713 
    60 227094428 
    10 319940933 
    60 377548578 
    60 465935683 
    60 314511342 
    20 600621049 
    60 412224119 
    60 297635850 
    20 227684296 
    10 208784227 
    60 249572991 
    60 312733406 
    60 221919307 
    20 410231845 
    60 296412084 
    60 226910844 
    20 184600530 
    20 94695081 
    10 449143202 
    10 591818316 
    30 405067271 
    30 290934757 
    15 461819460 
    12 366596368 
    60 450965179 
    60 578710707 
    60 396362842 
    30 563820839 
    30 757404467 
    60 527560132 
    30 386119324 
    30 309209877 
    60 302145457 
   120 393642319 
   120 283180474 
    60 383809203 
    60 524493800 
   120 384210971 
    60 297635850 
    30 274669672 
    30 382302688 
    60 296412084 
    30 243668798 
    30 125220228 
    10 217360000 
    30 523262847 
    60 382376189 
    30 290934757 
    15 210938064 
    60 272898494 
    60 205772442 
    60 369384632 
   120 283180474 
    60 227094428 
    30 274669672 
    60 221919307 
    30 187856672 
    30 96947907 
    15 735549194 
    10 1007660304 
    10 713882469 
    60 508624643 
    60 709013608 
    60 527560132 
    60 369384632 
    60 524493800 
    60 412224119 
    20 410231845 
    20 341300179 
    20 175760093 
    30 523262847 
    30 405067271 
    30 358565722 
    60 508624643 
    60 396362842 
    60 272898494 
   120 393642319 
   120 320462713 
    60 383809203 
    60 314511342 
    60 312733406 
    60 268075191 
    60 138661405 
    15 210938064 
    30 309209877 
    30 261567582 
    60 302145457 
    60 257219331 
    60 249572991 
    60 220973514 
    60 114835520 
    10 208784227 
    10 191158697 
    20 99815346 
    10 53081038 
     1 1407309934 
    10 1007660304 
    30 757404467 
    20 600621049 
     5 503387399 
     5 259819805 
    10 591818316 
    15 735549194 
    60 578710707 
    60 475037693 
    30 563820839 
    60 465935683 
    30 402182227 
    30 208534595 
    15 461819460 
    30 393516690 
    60 450965179 
    60 386760620 
    60 377548578 
    60 336398499 
    60 175271400 
    10 319940933 
    10 294599856 
    20 154250178 
    10 82325166 
     5 337291332 
    10 449143202 
    60 375728273 
    60 324977310 
    20 291021581 
    20 152412930 
    15 327605413 
    15 170759495 
    12 366596368 
    60 318109748 
    60 285447031 
    60 149541669 
    30 278256486 
    30 257352234 
    60 135532470 
    30 73013848 
    15 251472117 
    15 132493095 
    10 233667942 
    30 123789772 
    30 67313544 
    10 38252917 
     1 218251406 
     5 116345498 
    10 63877268 
    10 36829237 
     5 22866838 
     1 15649126 
     1 7828354 
